<?xml version="1.0" encoding="UTF-8"?>
<!-- Generated by org.testng.reporters.JUnitXMLReporter -->
<testsuite ignored="2" hostname="DESKTOP-34O05DG" failures="0" tests="2" name="Default test" time="53.382" errors="0" timestamp="2023-12-31T12:43:07 EET">
  <testcase classname="maginto.addWomenTees" name="signUpProcess2" time="19.582"/>
  <testcase classname="maginto.addWomenTees" name="AddItems" time="31.161"/>
  <testcase classname="maginto.addWomenTees" name="signUpProcess" time="0.0">
    <ignored/>
  </testcase> <!-- signUpProcess -->
  <testcase classname="maginto.addWomenTees" name="logIn" time="0.0">
    <ignored/>
  </testcase> <!-- logIn -->
</testsuite> <!-- Default test -->
