<?xml version="1.0" encoding="UTF-8"?>
<testng-results ignored="2" total="4" passed="2" failed="0" skipped="0">
  <reporter-output>
  </reporter-output>
  <suite started-at="2023-12-31T12:42:13 EET" name="Default suite" finished-at="2023-12-31T12:43:07 EET" duration-ms="53382">
    <groups>
    </groups>
    <test started-at="2023-12-31T12:42:13 EET" name="Default test" finished-at="2023-12-31T12:43:07 EET" duration-ms="53382">
      <class name="maginto.addWomenTees">
        <test-method is-config="true" signature="mySetUp()[pri:0, instance:maginto.addWomenTees@5dbe30be]" started-at="2023-12-31T12:42:13 EET" name="mySetUp" finished-at="2023-12-31T12:42:16 EET" duration-ms="2569" status="PASS">
          <reporter-output>
          </reporter-output>
        </test-method> <!-- mySetUp -->
        <test-method signature="signUpProcess2()[pri:1, instance:maginto.addWomenTees@5dbe30be]" started-at="2023-12-31T12:42:16 EET" name="signUpProcess2" finished-at="2023-12-31T12:42:36 EET" duration-ms="19582" status="PASS">
          <reporter-output>
          </reporter-output>
        </test-method> <!-- signUpProcess2 -->
        <test-method signature="AddItems()[pri:2, instance:maginto.addWomenTees@5dbe30be]" started-at="2023-12-31T12:42:36 EET" name="AddItems" finished-at="2023-12-31T12:43:07 EET" duration-ms="31161" status="PASS">
          <reporter-output>
          </reporter-output>
        </test-method> <!-- AddItems -->
        <test-method is-config="true" signature="closeWebsite()[pri:0, instance:maginto.addWomenTees@5dbe30be]" started-at="2023-12-31T12:43:07 EET" name="closeWebsite" finished-at="2023-12-31T12:43:07 EET" duration-ms="1" status="PASS">
          <reporter-output>
          </reporter-output>
        </test-method> <!-- closeWebsite -->
      </class> <!-- maginto.addWomenTees -->
    </test> <!-- Default test -->
  </suite> <!-- Default suite -->
</testng-results>
